-------------------------------------------------------------------------------
Test set: de.selenium.tests.TestfallIExplorer
-------------------------------------------------------------------------------
Tests run: 1, Failures: 0, Errors: 1, Skipped: 0, Time elapsed: 302.89 s <<< FAILURE! - in de.selenium.tests.TestfallIExplorer
de.selenium.tests.TestfallIExplorer.testTitelPrüfen  Time elapsed: 302.886 s  <<< ERROR!
org.openqa.selenium.TimeoutException: 
java.util.concurrent.TimeoutException
Build info: version: '4.28.1', revision: '73f5ad48a2'
System info: os.name: 'Windows 11', os.arch: 'amd64', os.version: '10.0', java.version: '20.0.1'
Driver info: org.openqa.selenium.ie.InternetExplorerDriver
Command: [a7f8eb95-a460-4aa6-aa9e-9d48b4f180cc, get {url=https://www.calculator.net/gas-mileage-calculator.html}]
Capabilities {acceptInsecureCerts: false, browserName: internet explorer, browserVersion: 11, pageLoadStrategy: normal, platformName: windows, proxy: Proxy(), se:ieOptions: {browserAttachTimeout: 0, elementScrollBehavior: 0, enablePersistentHover: true, ie.browserCommandLineSwitches: , ie.edgechromium: false, ie.edgepath: , ie.ensureCleanSession: false, ie.fileUploadDialogTimeout: 3000, ie.forceCreateProcessApi: false, ie.ignoreprocessmatch: false, ignoreProtectedModeSettings: false, ignoreZoomSetting: true, initialBrowserUrl: http://localhost:20975/, nativeEvents: true, requireWindowFocus: false}, setWindowRect: true, strictFileInteractability: false, timeouts: {implicit: 0, pageLoad: 300000, script: 30000}, unhandledPromptBehavior: dismiss and notify}
Session ID: a7f8eb95-a460-4aa6-aa9e-9d48b4f180cc
	at de.selenium.tests.TestfallIExplorer.initTest(TestfallIExplorer.java:21)
Caused by: java.util.concurrent.TimeoutException

