<?xml version="1.0" encoding="UTF-8"?>
<testsuite xmlns:xsi="http://www.w3.org/2001/XMLSchema-instance" xsi:noNamespaceSchemaLocation="https://maven.apache.org/surefire/maven-surefire-plugin/xsd/surefire-test-report.xsd" version="3.0.2" name="de.selenium.pages.tests.TestKatzenSucheExplizitAsyncTestSeleniumChrome" time="11.656" tests="1" errors="0" skipped="0" failures="0">
  <properties>
[...]
</properties>
  <testcase name="testExplizitWait" classname="de.selenium.pages.tests.TestKatzenSucheExplizitAsyncTestSeleniumChrome" time="11.656">
    <system-out><![CDATA[initialisiere Webdriver.
Starte Test AJAX Anwendung mit Explizit Wait
IMG1: https://cdn2.thecatapi.com/images/ECqe13G5B.jpg
IMAGE3 ist NICHT sichtbar!!!!!
IMG3: IMAGE3 ist NICHT sichtbar!
IMAGE2 ist NICHT sichtbar!!!!!
IMG2: IMAGE2 ist NICHT sichtbar!
Sortieren: https://cdn2.thecatapi.com/images/h6.jpg
Test abgeschlossen- ich r�ume
]]></system-out>
    <system-err><![CDATA[Feb. 24, 2025 8:53:04 AM org.openqa.selenium.devtools.CdpVersionFinder findNearestMatch
WARNUNG: Unable to find an exact match for CDP version 133, returning the closest version; found: 132; Please update to a Selenium version that supports CDP version 133
]]></system-err>
  </testcase>
</testsuite>